<?xml version="1.0" encoding="UTF-8"?>
<!-- Generated by org.testng.reporters.JUnitReportReporter -->
<testsuite skipped="0" hostname="LP-5CD120NMK0" name="com.sat.TestRunner.TestRunner" tests="1" failures="0" timestamp="2023-02-20T17:23:15 IST" time="395.739" errors="0">
  <testcase name="runScenario" time="395.739" classname="com.sat.TestRunner.TestRunner"/>
  <system-out/>
</testsuite> <!-- com.sat.TestRunner.TestRunner -->
